2024-05-31 18:00:56 INFO  o.h.validator.internal.util.Version - HV000001: Hibernate Validator 8.0.1.Final
2024-05-31 18:00:56 INFO  com.team1.mohaji.MohajiApplication - Starting MohajiApplication using Java 17.0.9 with PID 25228 (C:\Users\admin\Documents\GitHub\mohaji\build\classes\java\main started by admin in C:\Users\admin\Documents\GitHub\mohaji)
2024-05-31 18:00:56 INFO  com.team1.mohaji.MohajiApplication - No active profile set, falling back to 1 default profile: "default"
2024-05-31 18:00:57 INFO  o.s.b.d.e.DevToolsPropertyDefaultsPostProcessor - Devtools property defaults active! Set 'spring.devtools.add-properties' to 'false' to disable
2024-05-31 18:00:57 INFO  o.s.b.d.e.DevToolsPropertyDefaultsPostProcessor - For additional web related logging consider setting the 'logging.level.web' property to 'DEBUG'
2024-05-31 18:00:57 INFO  o.s.d.r.c.RepositoryConfigurationDelegate - Multiple Spring Data modules found, entering strict repository configuration mode
2024-05-31 18:00:57 INFO  o.s.d.r.c.RepositoryConfigurationDelegate - Bootstrapping Spring Data JDBC repositories in DEFAULT mode.
2024-05-31 18:00:57 INFO  o.s.d.r.c.RepositoryConfigurationExtensionSupport - Spring Data JDBC - Could not safely identify store assignment for repository candidate interface com.team1.mohaji.repository.AttachedRepository; If you want this repository to be a JDBC repository, consider annotating your entities with one of these annotations: org.springframework.data.relational.core.mapping.Table.
2024-05-31 18:00:57 INFO  o.s.d.r.c.RepositoryConfigurationExtensionSupport - Spring Data JDBC - Could not safely identify store assignment for repository candidate interface com.team1.mohaji.repository.BoardRepository; If you want this repository to be a JDBC repository, consider annotating your entities with one of these annotations: org.springframework.data.relational.core.mapping.Table.
2024-05-31 18:00:57 INFO  o.s.d.r.c.RepositoryConfigurationExtensionSupport - Spring Data JDBC - Could not safely identify store assignment for repository candidate interface com.team1.mohaji.repository.CommentRepository; If you want this repository to be a JDBC repository, consider annotating your entities with one of these annotations: org.springframework.data.relational.core.mapping.Table.
2024-05-31 18:00:57 INFO  o.s.d.r.c.RepositoryConfigurationExtensionSupport - Spring Data JDBC - Could not safely identify store assignment for repository candidate interface com.team1.mohaji.repository.LikeRepository; If you want this repository to be a JDBC repository, consider annotating your entities with one of these annotations: org.springframework.data.relational.core.mapping.Table.
2024-05-31 18:00:57 INFO  o.s.d.r.c.RepositoryConfigurationExtensionSupport - Spring Data JDBC - Could not safely identify store assignment for repository candidate interface com.team1.mohaji.repository.MemberRepository; If you want this repository to be a JDBC repository, consider annotating your entities with one of these annotations: org.springframework.data.relational.core.mapping.Table.
2024-05-31 18:00:57 INFO  o.s.d.r.c.RepositoryConfigurationExtensionSupport - Spring Data JDBC - Could not safely identify store assignment for repository candidate interface com.team1.mohaji.repository.PostRepository; If you want this repository to be a JDBC repository, consider annotating your entities with one of these annotations: org.springframework.data.relational.core.mapping.Table.
2024-05-31 18:00:57 INFO  o.s.d.r.c.RepositoryConfigurationExtensionSupport - Spring Data JDBC - Could not safely identify store assignment for repository candidate interface com.team1.mohaji.repository.ProfRepository; If you want this repository to be a JDBC repository, consider annotating your entities with one of these annotations: org.springframework.data.relational.core.mapping.Table.
2024-05-31 18:00:57 INFO  o.s.d.r.c.RepositoryConfigurationExtensionSupport - Spring Data JDBC - Could not safely identify store assignment for repository candidate interface com.team1.mohaji.repository.StudentRepository; If you want this repository to be a JDBC repository, consider annotating your entities with one of these annotations: org.springframework.data.relational.core.mapping.Table.
2024-05-31 18:00:57 INFO  o.s.d.r.c.RepositoryConfigurationDelegate - Finished Spring Data repository scanning in 39 ms. Found 0 JDBC repository interfaces.
2024-05-31 18:00:57 INFO  o.s.d.r.c.RepositoryConfigurationDelegate - Multiple Spring Data modules found, entering strict repository configuration mode
2024-05-31 18:00:57 INFO  o.s.d.r.c.RepositoryConfigurationDelegate - Bootstrapping Spring Data JPA repositories in DEFAULT mode.
2024-05-31 18:00:57 INFO  o.s.d.r.c.RepositoryConfigurationDelegate - Finished Spring Data repository scanning in 33 ms. Found 8 JPA repository interfaces.
2024-05-31 18:00:58 INFO  o.s.b.w.e.tomcat.TomcatWebServer - Tomcat initialized with port 8412 (http)
2024-05-31 18:00:58 INFO  o.a.coyote.http11.Http11NioProtocol - Initializing ProtocolHandler ["http-nio-8412"]
2024-05-31 18:00:58 INFO  o.a.catalina.core.StandardService - Starting service [Tomcat]
2024-05-31 18:00:58 INFO  o.a.catalina.core.StandardEngine - Starting Servlet engine: [Apache Tomcat/10.1.20]
2024-05-31 18:00:58 INFO  o.a.c.c.C.[Tomcat].[localhost].[/] - Initializing Spring embedded WebApplicationContext
2024-05-31 18:00:58 INFO  o.s.b.w.s.c.ServletWebServerApplicationContext - Root WebApplicationContext: initialization completed in 1165 ms
2024-05-31 18:00:58 INFO  o.h.jpa.internal.util.LogHelper - HHH000204: Processing PersistenceUnitInfo [name: default]
2024-05-31 18:00:58 INFO  org.hibernate.Version - HHH000412: Hibernate ORM core version 6.4.4.Final
2024-05-31 18:00:58 INFO  o.h.c.i.RegionFactoryInitiator - HHH000026: Second-level cache disabled
2024-05-31 18:00:58 INFO  o.s.o.j.p.SpringPersistenceUnitInfo - No LoadTimeWeaver setup: ignoring JPA class transformer
2024-05-31 18:00:58 INFO  com.zaxxer.hikari.HikariDataSource - HikariPool-1 - Starting...
2024-05-31 18:01:00 INFO  com.zaxxer.hikari.pool.HikariPool - HikariPool-1 - Added connection com.mysql.cj.jdbc.ConnectionImpl@e32e2f3
2024-05-31 18:01:00 INFO  com.zaxxer.hikari.HikariDataSource - HikariPool-1 - Start completed.
2024-05-31 18:01:00 WARN  org.hibernate.orm.deprecation - HHH90000025: MySQLDialect does not need to be specified explicitly using 'hibernate.dialect' (remove the property setting and it will be selected by default)
2024-05-31 18:01:01 WARN  org.hibernate.mapping.RootClass - HHH000038: Composite-id class does not override equals(): com.team1.mohaji.entity.RegSession
2024-05-31 18:01:01 WARN  org.hibernate.mapping.RootClass - HHH000039: Composite-id class does not override hashCode(): com.team1.mohaji.entity.RegSession
2024-05-31 18:01:01 INFO  o.h.e.t.j.p.i.JtaPlatformInitiator - HHH000489: No JTA platform available (set 'hibernate.transaction.jta.platform' to enable JTA platform integration)
2024-05-31 18:01:12 INFO  o.s.o.j.LocalContainerEntityManagerFactoryBean - Initialized JPA EntityManagerFactory for persistence unit 'default'
2024-05-31 18:01:12 INFO  o.s.d.j.r.query.QueryEnhancerFactory - JSqlParser is in classpath; If applicable, JSqlParser will be used
2024-05-31 18:01:12 INFO  o.s.d.j.r.query.QueryEnhancerFactory - Hibernate is in classpath; If applicable, HQL parser will be used.
2024-05-31 18:01:13 WARN  o.s.b.a.o.j.JpaBaseConfiguration$JpaWebConfiguration - spring.jpa.open-in-view is enabled by default. Therefore, database queries may be performed during view rendering. Explicitly configure spring.jpa.open-in-view to disable this warning
2024-05-31 18:01:13 INFO  o.s.s.web.DefaultSecurityFilterChain - Will secure any request with [org.springframework.security.web.session.DisableEncodeUrlFilter@10534ccf, org.springframework.security.web.context.request.async.WebAsyncManagerIntegrationFilter@19ceee41, org.springframework.security.web.context.SecurityContextHolderFilter@29ac5494, org.springframework.security.web.header.HeaderWriterFilter@302744df, org.springframework.web.filter.CorsFilter@f6f8901, org.springframework.security.web.authentication.logout.LogoutFilter@5de3c64f, org.springframework.security.web.authentication.UsernamePasswordAuthenticationFilter@695ee629, org.springframework.security.web.authentication.www.BasicAuthenticationFilter@462a13ba, org.springframework.security.web.savedrequest.RequestCacheAwareFilter@6680ff31, org.springframework.security.web.servletapi.SecurityContextHolderAwareRequestFilter@209ad46a, org.springframework.security.web.authentication.AnonymousAuthenticationFilter@1bfcc1a9, org.springframework.security.web.access.ExceptionTranslationFilter@25caceed, org.springframework.security.web.access.intercept.AuthorizationFilter@4f0d23be]
2024-05-31 18:01:14 INFO  o.s.b.d.a.OptionalLiveReloadServer - LiveReload server is running on port 35729
2024-05-31 18:01:14 INFO  o.s.b.w.e.tomcat.TomcatWebServer - Tomcat started on port 8412 (http) with context path ''
2024-05-31 18:01:14 INFO  com.team1.mohaji.MohajiApplication - Started MohajiApplication in 17.82 seconds (process running for 18.427)
2024-05-31 18:01:14 INFO  o.s.o.j.LocalContainerEntityManagerFactoryBean - Closing JPA EntityManagerFactory for persistence unit 'default'
2024-05-31 18:01:14 INFO  com.zaxxer.hikari.HikariDataSource - HikariPool-1 - Shutdown initiated...
2024-05-31 18:01:14 INFO  com.zaxxer.hikari.HikariDataSource - HikariPool-1 - Shutdown completed.
2024-05-31 18:01:16 INFO  o.h.validator.internal.util.Version - HV000001: Hibernate Validator 8.0.1.Final
2024-05-31 18:01:16 INFO  com.team1.mohaji.MohajiApplication - Starting MohajiApplication using Java 17.0.9 with PID 26292 (C:\Users\admin\Documents\GitHub\mohaji\build\classes\java\main started by admin in C:\Users\admin\Documents\GitHub\mohaji)
2024-05-31 18:01:16 INFO  com.team1.mohaji.MohajiApplication - No active profile set, falling back to 1 default profile: "default"
2024-05-31 18:01:16 INFO  o.s.b.d.e.DevToolsPropertyDefaultsPostProcessor - Devtools property defaults active! Set 'spring.devtools.add-properties' to 'false' to disable
2024-05-31 18:01:16 INFO  o.s.b.d.e.DevToolsPropertyDefaultsPostProcessor - For additional web related logging consider setting the 'logging.level.web' property to 'DEBUG'
2024-05-31 18:01:17 INFO  o.s.d.r.c.RepositoryConfigurationDelegate - Multiple Spring Data modules found, entering strict repository configuration mode
2024-05-31 18:01:17 INFO  o.s.d.r.c.RepositoryConfigurationDelegate - Bootstrapping Spring Data JDBC repositories in DEFAULT mode.
2024-05-31 18:01:17 INFO  o.s.d.r.c.RepositoryConfigurationExtensionSupport - Spring Data JDBC - Could not safely identify store assignment for repository candidate interface com.team1.mohaji.repository.AttachedRepository; If you want this repository to be a JDBC repository, consider annotating your entities with one of these annotations: org.springframework.data.relational.core.mapping.Table.
2024-05-31 18:01:17 INFO  o.s.d.r.c.RepositoryConfigurationExtensionSupport - Spring Data JDBC - Could not safely identify store assignment for repository candidate interface com.team1.mohaji.repository.BoardRepository; If you want this repository to be a JDBC repository, consider annotating your entities with one of these annotations: org.springframework.data.relational.core.mapping.Table.
2024-05-31 18:01:17 INFO  o.s.d.r.c.RepositoryConfigurationExtensionSupport - Spring Data JDBC - Could not safely identify store assignment for repository candidate interface com.team1.mohaji.repository.CommentRepository; If you want this repository to be a JDBC repository, consider annotating your entities with one of these annotations: org.springframework.data.relational.core.mapping.Table.
2024-05-31 18:01:17 INFO  o.s.d.r.c.RepositoryConfigurationExtensionSupport - Spring Data JDBC - Could not safely identify store assignment for repository candidate interface com.team1.mohaji.repository.LikeRepository; If you want this repository to be a JDBC repository, consider annotating your entities with one of these annotations: org.springframework.data.relational.core.mapping.Table.
2024-05-31 18:01:17 INFO  o.s.d.r.c.RepositoryConfigurationExtensionSupport - Spring Data JDBC - Could not safely identify store assignment for repository candidate interface com.team1.mohaji.repository.MemberRepository; If you want this repository to be a JDBC repository, consider annotating your entities with one of these annotations: org.springframework.data.relational.core.mapping.Table.
2024-05-31 18:01:17 INFO  o.s.d.r.c.RepositoryConfigurationExtensionSupport - Spring Data JDBC - Could not safely identify store assignment for repository candidate interface com.team1.mohaji.repository.PostRepository; If you want this repository to be a JDBC repository, consider annotating your entities with one of these annotations: org.springframework.data.relational.core.mapping.Table.
2024-05-31 18:01:17 INFO  o.s.d.r.c.RepositoryConfigurationExtensionSupport - Spring Data JDBC - Could not safely identify store assignment for repository candidate interface com.team1.mohaji.repository.ProfRepository; If you want this repository to be a JDBC repository, consider annotating your entities with one of these annotations: org.springframework.data.relational.core.mapping.Table.
2024-05-31 18:01:17 INFO  o.s.d.r.c.RepositoryConfigurationExtensionSupport - Spring Data JDBC - Could not safely identify store assignment for repository candidate interface com.team1.mohaji.repository.StudentRepository; If you want this repository to be a JDBC repository, consider annotating your entities with one of these annotations: org.springframework.data.relational.core.mapping.Table.
2024-05-31 18:01:17 INFO  o.s.d.r.c.RepositoryConfigurationDelegate - Finished Spring Data repository scanning in 34 ms. Found 0 JDBC repository interfaces.
2024-05-31 18:01:17 INFO  o.s.d.r.c.RepositoryConfigurationDelegate - Multiple Spring Data modules found, entering strict repository configuration mode
2024-05-31 18:01:17 INFO  o.s.d.r.c.RepositoryConfigurationDelegate - Bootstrapping Spring Data JPA repositories in DEFAULT mode.
2024-05-31 18:01:17 INFO  o.s.d.r.c.RepositoryConfigurationDelegate - Finished Spring Data repository scanning in 30 ms. Found 8 JPA repository interfaces.
2024-05-31 18:01:17 INFO  o.s.b.w.e.tomcat.TomcatWebServer - Tomcat initialized with port 8412 (http)
2024-05-31 18:01:17 INFO  o.a.coyote.http11.Http11NioProtocol - Initializing ProtocolHandler ["http-nio-8412"]
2024-05-31 18:01:17 INFO  o.a.catalina.core.StandardService - Starting service [Tomcat]
2024-05-31 18:01:17 INFO  o.a.catalina.core.StandardEngine - Starting Servlet engine: [Apache Tomcat/10.1.20]
2024-05-31 18:01:17 INFO  o.a.c.c.C.[Tomcat].[localhost].[/] - Initializing Spring embedded WebApplicationContext
2024-05-31 18:01:17 INFO  o.s.b.w.s.c.ServletWebServerApplicationContext - Root WebApplicationContext: initialization completed in 1157 ms
2024-05-31 18:01:17 INFO  o.h.jpa.internal.util.LogHelper - HHH000204: Processing PersistenceUnitInfo [name: default]
2024-05-31 18:01:18 INFO  org.hibernate.Version - HHH000412: Hibernate ORM core version 6.4.4.Final
2024-05-31 18:01:18 INFO  o.h.c.i.RegionFactoryInitiator - HHH000026: Second-level cache disabled
2024-05-31 18:01:18 INFO  o.s.o.j.p.SpringPersistenceUnitInfo - No LoadTimeWeaver setup: ignoring JPA class transformer
2024-05-31 18:01:18 INFO  com.zaxxer.hikari.HikariDataSource - HikariPool-1 - Starting...
2024-05-31 18:01:19 INFO  com.zaxxer.hikari.pool.HikariPool - HikariPool-1 - Added connection com.mysql.cj.jdbc.ConnectionImpl@2b174279
2024-05-31 18:01:19 INFO  com.zaxxer.hikari.HikariDataSource - HikariPool-1 - Start completed.
2024-05-31 18:01:20 WARN  org.hibernate.orm.deprecation - HHH90000025: MySQLDialect does not need to be specified explicitly using 'hibernate.dialect' (remove the property setting and it will be selected by default)
2024-05-31 18:01:20 WARN  org.hibernate.mapping.RootClass - HHH000038: Composite-id class does not override equals(): com.team1.mohaji.entity.RegSession
2024-05-31 18:01:20 WARN  org.hibernate.mapping.RootClass - HHH000039: Composite-id class does not override hashCode(): com.team1.mohaji.entity.RegSession
2024-05-31 18:01:21 INFO  o.h.e.t.j.p.i.JtaPlatformInitiator - HHH000489: No JTA platform available (set 'hibernate.transaction.jta.platform' to enable JTA platform integration)
2024-05-31 18:01:32 INFO  o.s.o.j.LocalContainerEntityManagerFactoryBean - Initialized JPA EntityManagerFactory for persistence unit 'default'
2024-05-31 18:01:32 INFO  o.s.d.j.r.query.QueryEnhancerFactory - JSqlParser is in classpath; If applicable, JSqlParser will be used
2024-05-31 18:01:32 INFO  o.s.d.j.r.query.QueryEnhancerFactory - Hibernate is in classpath; If applicable, HQL parser will be used.
2024-05-31 18:01:33 WARN  o.s.b.a.o.j.JpaBaseConfiguration$JpaWebConfiguration - spring.jpa.open-in-view is enabled by default. Therefore, database queries may be performed during view rendering. Explicitly configure spring.jpa.open-in-view to disable this warning
2024-05-31 18:01:33 INFO  o.s.s.web.DefaultSecurityFilterChain - Will secure any request with [org.springframework.security.web.session.DisableEncodeUrlFilter@7ab3c556, org.springframework.security.web.context.request.async.WebAsyncManagerIntegrationFilter@75f72024, org.springframework.security.web.context.SecurityContextHolderFilter@59a80f4a, org.springframework.security.web.header.HeaderWriterFilter@78c7268e, org.springframework.web.filter.CorsFilter@4b170607, org.springframework.security.web.authentication.logout.LogoutFilter@ea30476, org.springframework.security.web.authentication.UsernamePasswordAuthenticationFilter@2069dc27, org.springframework.security.web.authentication.www.BasicAuthenticationFilter@572d3e7b, org.springframework.security.web.savedrequest.RequestCacheAwareFilter@755970f6, org.springframework.security.web.servletapi.SecurityContextHolderAwareRequestFilter@24fb07ed, org.springframework.security.web.authentication.AnonymousAuthenticationFilter@28b139a7, org.springframework.security.web.access.ExceptionTranslationFilter@7d456fc2, org.springframework.security.web.access.intercept.AuthorizationFilter@4332b088]
2024-05-31 18:01:34 INFO  o.s.b.d.a.OptionalLiveReloadServer - LiveReload server is running on port 35729
2024-05-31 18:01:34 INFO  o.a.coyote.http11.Http11NioProtocol - Starting ProtocolHandler ["http-nio-8412"]
2024-05-31 18:01:34 INFO  o.s.b.w.e.tomcat.TomcatWebServer - Tomcat started on port 8412 (http) with context path ''
2024-05-31 18:01:34 INFO  com.team1.mohaji.MohajiApplication - Started MohajiApplication in 18.015 seconds (process running for 18.555)
2024-05-31 18:05:03 INFO  o.s.o.j.LocalContainerEntityManagerFactoryBean - Closing JPA EntityManagerFactory for persistence unit 'default'
2024-05-31 18:05:03 INFO  com.zaxxer.hikari.HikariDataSource - HikariPool-1 - Shutdown initiated...
2024-05-31 18:05:03 INFO  com.zaxxer.hikari.HikariDataSource - HikariPool-1 - Shutdown completed.
